<?xml version="1.0" encoding="UTF-8"?>
<!-- Generated by org.testng.reporters.JUnitXMLReporter -->
<testsuite ignored="0" hostname="Aishy" failures="0" tests="3" name="Default test" time="15.665" errors="0" timestamp="2022-08-31T13:15:13 BDT">
  <testcase classname="com.bd.Vuecodetest.Check" name="openUrl" time="5.242"/>
  <testcase classname="com.bd.Vuecodetest.Check" name="Test" time="5.178"/>
  <testcase classname="com.bd.Vuecodetest.Check" name="Test1" time="5.209"/>
</testsuite> <!-- Default test -->
