<?xml version="1.0" encoding="UTF-8"?>
<testng-results ignored="0" total="3" passed="3" failed="0" skipped="0">
  <reporter-output>
  </reporter-output>
  <suite started-at="2022-08-31T13:14:57 BDT" name="Default suite" finished-at="2022-08-31T13:15:13 BDT" duration-ms="15665">
    <groups>
    </groups>
    <test started-at="2022-08-31T13:14:57 BDT" name="Default test" finished-at="2022-08-31T13:15:13 BDT" duration-ms="15665">
      <class name="com.bd.Vuecodetest.Check">
        <test-method is-config="true" signature="Start()[pri:0, instance:com.bd.Vuecodetest.Check@1a6d8329]" started-at="2022-08-31T13:14:55 BDT" name="Start" finished-at="2022-08-31T13:14:57 BDT" duration-ms="1744" status="PASS">
          <reporter-output>
          </reporter-output>
        </test-method> <!-- Start -->
        <test-method signature="openUrl()[pri:0, instance:com.bd.Vuecodetest.Check@1a6d8329]" started-at="2022-08-31T13:14:57 BDT" name="openUrl" finished-at="2022-08-31T13:15:02 BDT" duration-ms="5242" status="PASS">
          <reporter-output>
          </reporter-output>
        </test-method> <!-- openUrl -->
        <test-method signature="Test()[pri:1, instance:com.bd.Vuecodetest.Check@1a6d8329]" started-at="2022-08-31T13:15:02 BDT" name="Test" finished-at="2022-08-31T13:15:08 BDT" duration-ms="5178" status="PASS">
          <reporter-output>
          </reporter-output>
        </test-method> <!-- Test -->
        <test-method signature="Test1()[pri:2, instance:com.bd.Vuecodetest.Check@1a6d8329]" started-at="2022-08-31T13:15:08 BDT" name="Test1" finished-at="2022-08-31T13:15:13 BDT" duration-ms="5209" status="PASS">
          <reporter-output>
          </reporter-output>
        </test-method> <!-- Test1 -->
        <test-method is-config="true" signature="Close()[pri:0, instance:com.bd.Vuecodetest.Check@1a6d8329]" started-at="2022-08-31T13:15:13 BDT" name="Close" finished-at="2022-08-31T13:15:13 BDT" duration-ms="267" status="PASS">
          <reporter-output>
          </reporter-output>
        </test-method> <!-- Close -->
      </class> <!-- com.bd.Vuecodetest.Check -->
    </test> <!-- Default test -->
  </suite> <!-- Default suite -->
</testng-results>
